<?xml version="1.0" encoding="UTF-8"?>
<testsuite name="agh.ics.oop.OptionParserTest" tests="1" skipped="0" failures="0" errors="0" timestamp="2022-11-21T10:36:02" hostname="macbook-pro-agata.home" time="0.013">
  <properties/>
  <testcase name="optionTest()" classname="agh.ics.oop.OptionParserTest" time="0.013"/>
  <system-out><![CDATA[]]></system-out>
  <system-err><![CDATA[]]></system-err>
</testsuite>
